{"E:\\SmartHealthcareSystem\\backend\\src\\controllers\\HealthcareReport.controller.ts": {"path":"E:\\SmartHealthcareSystem\\backend\\src\\controllers\\HealthcareReport.controller.ts","statementMap":{"0":{"start":{"line":3,"column":0},"end":{"line":3,"column":79}},"1":{"start":{"line":6,"column":22},"end":{"line":6,"column":57}},"2":{"start":{"line":9,"column":4},"end":{"line":14,"column":5}},"3":{"start":{"line":10,"column":21},"end":{"line":10,"column":62}},"4":{"start":{"line":11,"column":6},"end":{"line":11,"column":35}},"5":{"start":{"line":13,"column":6},"end":{"line":13,"column":81}},"6":{"start":{"line":18,"column":4},"end":{"line":23,"column":5}},"7":{"start":{"line":19,"column":22},"end":{"line":19,"column":56}},"8":{"start":{"line":20,"column":6},"end":{"line":20,"column":36}},"9":{"start":{"line":22,"column":6},"end":{"line":22,"column":81}},"10":{"start":{"line":27,"column":4},"end":{"line":33,"column":5}},"11":{"start":{"line":28,"column":21},"end":{"line":28,"column":68}},"12":{"start":{"line":29,"column":6},"end":{"line":29,"column":78}},"13":{"start":{"line":29,"column":19},"end":{"line":29,"column":78}},"14":{"start":{"line":30,"column":6},"end":{"line":30,"column":35}},"15":{"start":{"line":32,"column":6},"end":{"line":32,"column":80}},"16":{"start":{"line":37,"column":4},"end":{"line":43,"column":5}},"17":{"start":{"line":38,"column":21},"end":{"line":38,"column":77}},"18":{"start":{"line":39,"column":6},"end":{"line":39,"column":78}},"19":{"start":{"line":39,"column":19},"end":{"line":39,"column":78}},"20":{"start":{"line":40,"column":6},"end":{"line":40,"column":35}},"21":{"start":{"line":42,"column":6},"end":{"line":42,"column":81}},"22":{"start":{"line":47,"column":4},"end":{"line":53,"column":5}},"23":{"start":{"line":48,"column":21},"end":{"line":48,"column":67}},"24":{"start":{"line":49,"column":6},"end":{"line":49,"column":78}},"25":{"start":{"line":49,"column":19},"end":{"line":49,"column":78}},"26":{"start":{"line":50,"column":6},"end":{"line":50,"column":71}},"27":{"start":{"line":52,"column":6},"end":{"line":52,"column":81}},"28":{"start":{"line":5,"column":0},"end":{"line":5,"column":13}}},"fnMap":{"0":{"name":"(anonymous_0)","decl":{"start":{"line":6,"column":2},"end":{"line":6,"column":22}},"loc":{"start":{"line":6,"column":86},"end":{"line":6,"column":90}}},"1":{"name":"(anonymous_1)","decl":{"start":{"line":8,"column":2},"end":{"line":8,"column":7}},"loc":{"start":{"line":8,"column":48},"end":{"line":15,"column":3}}},"2":{"name":"(anonymous_2)","decl":{"start":{"line":17,"column":2},"end":{"line":17,"column":7}},"loc":{"start":{"line":17,"column":49},"end":{"line":24,"column":3}}},"3":{"name":"(anonymous_3)","decl":{"start":{"line":26,"column":2},"end":{"line":26,"column":7}},"loc":{"start":{"line":26,"column":49},"end":{"line":34,"column":3}}},"4":{"name":"(anonymous_4)","decl":{"start":{"line":36,"column":2},"end":{"line":36,"column":7}},"loc":{"start":{"line":36,"column":48},"end":{"line":44,"column":3}}},"5":{"name":"(anonymous_5)","decl":{"start":{"line":46,"column":2},"end":{"line":46,"column":7}},"loc":{"start":{"line":46,"column":48},"end":{"line":54,"column":3}}}},"branchMap":{"0":{"loc":{"start":{"line":6,"column":22},"end":{"line":6,"column":86}},"type":"default-arg","locations":[{"start":{"line":6,"column":57},"end":{"line":6,"column":86}}]},"1":{"loc":{"start":{"line":29,"column":6},"end":{"line":29,"column":78}},"type":"if","locations":[{"start":{"line":29,"column":6},"end":{"line":29,"column":78}},{"start":{},"end":{}}]},"2":{"loc":{"start":{"line":39,"column":6},"end":{"line":39,"column":78}},"type":"if","locations":[{"start":{"line":39,"column":6},"end":{"line":39,"column":78}},{"start":{},"end":{}}]},"3":{"loc":{"start":{"line":49,"column":6},"end":{"line":49,"column":78}},"type":"if","locations":[{"start":{"line":49,"column":6},"end":{"line":49,"column":78}},{"start":{},"end":{}}]}},"s":{"0":1,"1":9,"2":2,"3":2,"4":1,"5":1,"6":1,"7":1,"8":1,"9":0,"10":2,"11":2,"12":2,"13":1,"14":1,"15":0,"16":2,"17":2,"18":2,"19":1,"20":1,"21":0,"22":2,"23":2,"24":2,"25":1,"26":1,"27":0,"28":1},"f":{"0":9,"1":2,"2":1,"3":2,"4":2,"5":2},"b":{"0":[0],"1":[1,1],"2":[1,1],"3":[1,1]}}
,"E:\\SmartHealthcareSystem\\backend\\src\\controllers\\record.controller.ts": {"path":"E:\\SmartHealthcareSystem\\backend\\src\\controllers\\record.controller.ts","statementMap":{"0":{"start":{"line":2,"column":0},"end":{"line":2,"column":55}},"1":{"start":{"line":5,"column":29},"end":{"line":12,"column":1}},"2":{"start":{"line":6,"column":2},"end":{"line":11,"column":3}},"3":{"start":{"line":7,"column":20},"end":{"line":7,"column":55}},"4":{"start":{"line":8,"column":4},"end":{"line":8,"column":34}},"5":{"start":{"line":10,"column":4},"end":{"line":10,"column":86}},"6":{"start":{"line":5,"column":13},"end":{"line":5,"column":29}},"7":{"start":{"line":14,"column":35},"end":{"line":22,"column":1}},"8":{"start":{"line":15,"column":24},"end":{"line":15,"column":34}},"9":{"start":{"line":16,"column":2},"end":{"line":21,"column":3}},"10":{"start":{"line":17,"column":20},"end":{"line":17,"column":70}},"11":{"start":{"line":18,"column":4},"end":{"line":18,"column":34}},"12":{"start":{"line":20,"column":4},"end":{"line":20,"column":86}},"13":{"start":{"line":14,"column":13},"end":{"line":14,"column":35}},"14":{"start":{"line":25,"column":25},"end":{"line":34,"column":1}},"15":{"start":{"line":26,"column":2},"end":{"line":33,"column":3}},"16":{"start":{"line":27,"column":4},"end":{"line":27,"column":46}},"17":{"start":{"line":28,"column":19},"end":{"line":28,"column":58}},"18":{"start":{"line":29,"column":4},"end":{"line":29,"column":75}},"19":{"start":{"line":31,"column":4},"end":{"line":31,"column":46}},"20":{"start":{"line":32,"column":4},"end":{"line":32,"column":83}},"21":{"start":{"line":25,"column":13},"end":{"line":25,"column":25}},"22":{"start":{"line":37,"column":28},"end":{"line":46,"column":1}},"23":{"start":{"line":38,"column":17},"end":{"line":38,"column":27}},"24":{"start":{"line":39,"column":2},"end":{"line":45,"column":3}},"25":{"start":{"line":40,"column":19},"end":{"line":40,"column":65}},"26":{"start":{"line":41,"column":4},"end":{"line":41,"column":78}},"27":{"start":{"line":41,"column":17},"end":{"line":41,"column":78}},"28":{"start":{"line":42,"column":4},"end":{"line":42,"column":77}},"29":{"start":{"line":44,"column":4},"end":{"line":44,"column":85}},"30":{"start":{"line":37,"column":13},"end":{"line":37,"column":28}},"31":{"start":{"line":49,"column":28},"end":{"line":57,"column":1}},"32":{"start":{"line":50,"column":17},"end":{"line":50,"column":27}},"33":{"start":{"line":51,"column":2},"end":{"line":56,"column":3}},"34":{"start":{"line":52,"column":19},"end":{"line":52,"column":55}},"35":{"start":{"line":53,"column":4},"end":{"line":53,"column":33}},"36":{"start":{"line":55,"column":4},"end":{"line":55,"column":85}},"37":{"start":{"line":49,"column":13},"end":{"line":49,"column":28}}},"fnMap":{"0":{"name":"(anonymous_1)","decl":{"start":{"line":5,"column":29},"end":{"line":5,"column":34}},"loc":{"start":{"line":5,"column":68},"end":{"line":12,"column":1}}},"1":{"name":"(anonymous_2)","decl":{"start":{"line":14,"column":35},"end":{"line":14,"column":40}},"loc":{"start":{"line":14,"column":73},"end":{"line":22,"column":1}}},"2":{"name":"(anonymous_3)","decl":{"start":{"line":25,"column":25},"end":{"line":25,"column":30}},"loc":{"start":{"line":25,"column":63},"end":{"line":34,"column":1}}},"3":{"name":"(anonymous_4)","decl":{"start":{"line":37,"column":28},"end":{"line":37,"column":33}},"loc":{"start":{"line":37,"column":66},"end":{"line":46,"column":1}}},"4":{"name":"(anonymous_5)","decl":{"start":{"line":49,"column":28},"end":{"line":49,"column":33}},"loc":{"start":{"line":49,"column":66},"end":{"line":57,"column":1}}}},"branchMap":{"0":{"loc":{"start":{"line":41,"column":4},"end":{"line":41,"column":78}},"type":"if","locations":[{"start":{"line":41,"column":4},"end":{"line":41,"column":78}},{"start":{},"end":{}}]}},"s":{"0":1,"1":1,"2":2,"3":2,"4":1,"5":1,"6":1,"7":1,"8":2,"9":2,"10":2,"11":1,"12":1,"13":1,"14":1,"15":2,"16":2,"17":2,"18":1,"19":1,"20":1,"21":1,"22":1,"23":3,"24":3,"25":3,"26":2,"27":1,"28":1,"29":1,"30":1,"31":1,"32":2,"33":2,"34":2,"35":1,"36":1,"37":1},"f":{"0":2,"1":2,"2":2,"3":3,"4":2},"b":{"0":[1,1]}}
,"E:\\SmartHealthcareSystem\\backend\\src\\models\\HealthcareReport.model.ts": {"path":"E:\\SmartHealthcareSystem\\backend\\src\\models\\HealthcareReport.model.ts","statementMap":{"0":{"start":{"line":2,"column":0},"end":{"line":2,"column":44}},"1":{"start":{"line":5,"column":25},"end":{"line":10,"column":2}},"2":{"start":{"line":12,"column":25},"end":{"line":17,"column":2}},"3":{"start":{"line":19,"column":26},"end":{"line":27,"column":2}},"4":{"start":{"line":29,"column":25},"end":{"line":37,"column":2}},"5":{"start":{"line":39,"column":31},"end":{"line":47,"column":null}},"6":{"start":{"line":50,"column":0},"end":{"line":51,"column":80}}},"fnMap":{},"branchMap":{"0":{"loc":{"start":{"line":50,"column":15},"end":{"line":51,"column":79}},"type":"binary-expr","locations":[{"start":{"line":50,"column":15},"end":{"line":50,"column":47}},{"start":{"line":51,"column":2},"end":{"line":51,"column":79}}]}},"s":{"0":2,"1":2,"2":2,"3":2,"4":2,"5":2,"6":2},"f":{},"b":{"0":[2,2]}}
,"E:\\SmartHealthcareSystem\\backend\\src\\models\\record.model.ts": {"path":"E:\\SmartHealthcareSystem\\backend\\src\\models\\record.model.ts","statementMap":{"0":{"start":{"line":1,"column":0},"end":{"line":1,"column":45}},"1":{"start":{"line":4,"column":21},"end":{"line":21,"column":24}},"2":{"start":{"line":23,"column":0},"end":{"line":23,"column":63}}},"fnMap":{},"branchMap":{},"s":{"0":1,"1":1,"2":1},"f":{},"b":{}}
,"E:\\SmartHealthcareSystem\\backend\\src\\services\\HealthcareReport.service.ts": {"path":"E:\\SmartHealthcareSystem\\backend\\src\\services\\HealthcareReport.service.ts","statementMap":{"0":{"start":{"line":2,"column":0},"end":{"line":2,"column":64}},"1":{"start":{"line":10,"column":19},"end":{"line":10,"column":45}},"2":{"start":{"line":11,"column":4},"end":{"line":11,"column":25}},"3":{"start":{"line":15,"column":4},"end":{"line":15,"column":59}},"4":{"start":{"line":19,"column":4},"end":{"line":19,"column":41}},"5":{"start":{"line":23,"column":4},"end":{"line":23,"column":71}},"6":{"start":{"line":27,"column":4},"end":{"line":27,"column":50}},"7":{"start":{"line":8,"column":0},"end":{"line":8,"column":13}}},"fnMap":{"0":{"name":"(anonymous_1)","decl":{"start":{"line":9,"column":2},"end":{"line":9,"column":7}},"loc":{"start":{"line":9,"column":44},"end":{"line":12,"column":3}}},"1":{"name":"(anonymous_2)","decl":{"start":{"line":14,"column":2},"end":{"line":14,"column":7}},"loc":{"start":{"line":14,"column":21},"end":{"line":16,"column":3}}},"2":{"name":"(anonymous_3)","decl":{"start":{"line":18,"column":2},"end":{"line":18,"column":7}},"loc":{"start":{"line":18,"column":32},"end":{"line":20,"column":3}}},"3":{"name":"(anonymous_4)","decl":{"start":{"line":22,"column":2},"end":{"line":22,"column":7}},"loc":{"start":{"line":22,"column":65},"end":{"line":24,"column":3}}},"4":{"name":"(anonymous_5)","decl":{"start":{"line":26,"column":2},"end":{"line":26,"column":7}},"loc":{"start":{"line":26,"column":31},"end":{"line":28,"column":3}}}},"branchMap":{},"s":{"0":2,"1":1,"2":1,"3":1,"4":2,"5":1,"6":1,"7":2},"f":{"0":1,"1":1,"2":2,"3":1,"4":1},"b":{}}
,"E:\\SmartHealthcareSystem\\backend\\src\\services\\record.service.ts": {"path":"E:\\SmartHealthcareSystem\\backend\\src\\services\\record.service.ts","statementMap":{"0":{"start":{"line":1,"column":0},"end":{"line":1,"column":44}},"1":{"start":{"line":2,"column":0},"end":{"line":2,"column":33}},"2":{"start":{"line":39,"column":4},"end":{"line":42,"column":61}},"3":{"start":{"line":47,"column":4},"end":{"line":47,"column":81}},"4":{"start":{"line":47,"column":44},"end":{"line":47,"column":81}},"5":{"start":{"line":48,"column":4},"end":{"line":50,"column":61}},"6":{"start":{"line":55,"column":4},"end":{"line":55,"column":86}},"7":{"start":{"line":55,"column":49},"end":{"line":55,"column":86}},"8":{"start":{"line":56,"column":4},"end":{"line":56,"column":84}},"9":{"start":{"line":56,"column":48},"end":{"line":56,"column":84}},"10":{"start":{"line":57,"column":4},"end":{"line":57,"column":94}},"11":{"start":{"line":57,"column":53},"end":{"line":57,"column":94}},"12":{"start":{"line":59,"column":19},"end":{"line":65,"column":6}},"13":{"start":{"line":67,"column":4},"end":{"line":67,"column":31}},"14":{"start":{"line":72,"column":4},"end":{"line":72,"column":79}},"15":{"start":{"line":72,"column":43},"end":{"line":72,"column":79}},"16":{"start":{"line":74,"column":31},"end":{"line":74,"column":33}},"17":{"start":{"line":75,"column":4},"end":{"line":75,"column":107}},"18":{"start":{"line":75,"column":30},"end":{"line":75,"column":107}},"19":{"start":{"line":76,"column":4},"end":{"line":76,"column":116}},"20":{"start":{"line":76,"column":33},"end":{"line":76,"column":116}},"21":{"start":{"line":78,"column":4},"end":{"line":78,"column":82}},"22":{"start":{"line":84,"column":18},"end":{"line":84,"column":58}},"23":{"start":{"line":85,"column":2},"end":{"line":85,"column":52}},"24":{"start":{"line":85,"column":16},"end":{"line":85,"column":52}},"25":{"start":{"line":86,"column":2},"end":{"line":86,"column":52}},"26":{"start":{"line":90,"column":0},"end":{"line":90,"column":35}}},"fnMap":{"0":{"name":"(anonymous_1)","decl":{"start":{"line":38,"column":2},"end":{"line":38,"column":7}},"loc":{"start":{"line":38,"column":21},"end":{"line":43,"column":3}}},"1":{"name":"(anonymous_2)","decl":{"start":{"line":46,"column":2},"end":{"line":46,"column":7}},"loc":{"start":{"line":46,"column":45},"end":{"line":51,"column":3}}},"2":{"name":"(anonymous_3)","decl":{"start":{"line":54,"column":2},"end":{"line":54,"column":7}},"loc":{"start":{"line":54,"column":34},"end":{"line":68,"column":3}}},"3":{"name":"(anonymous_4)","decl":{"start":{"line":71,"column":2},"end":{"line":71,"column":7}},"loc":{"start":{"line":71,"column":67},"end":{"line":79,"column":3}}},"4":{"name":"(anonymous_5)","decl":{"start":{"line":82,"column":1},"end":{"line":82,"column":6}},"loc":{"start":{"line":82,"column":36},"end":{"line":87,"column":1}}}},"branchMap":{"0":{"loc":{"start":{"line":47,"column":4},"end":{"line":47,"column":81}},"type":"if","locations":[{"start":{"line":47,"column":4},"end":{"line":47,"column":81}},{"start":{},"end":{}}]},"1":{"loc":{"start":{"line":55,"column":4},"end":{"line":55,"column":86}},"type":"if","locations":[{"start":{"line":55,"column":4},"end":{"line":55,"column":86}},{"start":{},"end":{}}]},"2":{"loc":{"start":{"line":56,"column":4},"end":{"line":56,"column":84}},"type":"if","locations":[{"start":{"line":56,"column":4},"end":{"line":56,"column":84}},{"start":{},"end":{}}]},"3":{"loc":{"start":{"line":57,"column":4},"end":{"line":57,"column":94}},"type":"if","locations":[{"start":{"line":57,"column":4},"end":{"line":57,"column":94}},{"start":{},"end":{}}]},"4":{"loc":{"start":{"line":72,"column":4},"end":{"line":72,"column":79}},"type":"if","locations":[{"start":{"line":72,"column":4},"end":{"line":72,"column":79}},{"start":{},"end":{}}]},"5":{"loc":{"start":{"line":75,"column":4},"end":{"line":75,"column":107}},"type":"if","locations":[{"start":{"line":75,"column":4},"end":{"line":75,"column":107}},{"start":{},"end":{}}]},"6":{"loc":{"start":{"line":76,"column":4},"end":{"line":76,"column":116}},"type":"if","locations":[{"start":{"line":76,"column":4},"end":{"line":76,"column":116}},{"start":{},"end":{}}]},"7":{"loc":{"start":{"line":85,"column":2},"end":{"line":85,"column":52}},"type":"if","locations":[{"start":{"line":85,"column":2},"end":{"line":85,"column":52}},{"start":{},"end":{}}]}},"s":{"0":2,"1":2,"2":1,"3":1,"4":0,"5":1,"6":1,"7":0,"8":1,"9":0,"10":1,"11":0,"12":1,"13":1,"14":1,"15":0,"16":1,"17":1,"18":1,"19":1,"20":0,"21":1,"22":1,"23":1,"24":0,"25":1,"26":2},"f":{"0":1,"1":1,"2":1,"3":1,"4":1},"b":{"0":[0,1],"1":[0,1],"2":[0,1],"3":[0,1],"4":[0,1],"5":[1,0],"6":[0,1],"7":[0,1]}}
}
