TN:
SF:src/controllers/HealthcareReport.controller.ts
FN:6,(anonymous_0)
FN:8,(anonymous_1)
FN:17,(anonymous_2)
FN:26,(anonymous_3)
FN:36,(anonymous_4)
FN:46,(anonymous_5)
FNF:6
FNH:6
FNDA:9,(anonymous_0)
FNDA:2,(anonymous_1)
FNDA:1,(anonymous_2)
FNDA:2,(anonymous_3)
FNDA:2,(anonymous_4)
FNDA:2,(anonymous_5)
DA:3,1
DA:5,1
DA:6,9
DA:9,2
DA:10,2
DA:11,1
DA:13,1
DA:18,1
DA:19,1
DA:20,1
DA:22,0
DA:27,2
DA:28,2
DA:29,2
DA:30,1
DA:32,0
DA:37,2
DA:38,2
DA:39,2
DA:40,1
DA:42,0
DA:47,2
DA:48,2
DA:49,2
DA:50,1
DA:52,0
LF:26
LH:22
BRDA:6,0,0,0
BRDA:29,1,0,1
BRDA:29,1,1,1
BRDA:39,2,0,1
BRDA:39,2,1,1
BRDA:49,3,0,1
BRDA:49,3,1,1
BRF:7
BRH:6
end_of_record
TN:
SF:src/controllers/record.controller.ts
FN:5,(anonymous_1)
FN:14,(anonymous_2)
FN:25,(anonymous_3)
FN:37,(anonymous_4)
FN:49,(anonymous_5)
FNF:5
FNH:5
FNDA:2,(anonymous_1)
FNDA:2,(anonymous_2)
FNDA:2,(anonymous_3)
FNDA:3,(anonymous_4)
FNDA:2,(anonymous_5)
DA:2,1
DA:5,1
DA:6,2
DA:7,2
DA:8,1
DA:10,1
DA:14,1
DA:15,2
DA:16,2
DA:17,2
DA:18,1
DA:20,1
DA:25,1
DA:26,2
DA:27,2
DA:28,2
DA:29,1
DA:31,1
DA:32,1
DA:37,1
DA:38,3
DA:39,3
DA:40,3
DA:41,2
DA:42,1
DA:44,1
DA:49,1
DA:50,2
DA:51,2
DA:52,2
DA:53,1
DA:55,1
LF:32
LH:32
BRDA:41,0,0,1
BRDA:41,0,1,1
BRF:2
BRH:2
end_of_record
TN:
SF:src/controllers/staff.controller.ts
FN:16,(anonymous_0)
FN:29,(anonymous_1)
FN:72,(anonymous_2)
FNF:3
FNH:3
FNDA:2,(anonymous_0)
FNDA:4,(anonymous_1)
FNDA:2,(anonymous_2)
DA:2,1
DA:3,1
DA:13,1
DA:15,1
DA:21,2
DA:22,2
DA:23,2
DA:25,0
DA:34,4
DA:35,4
DA:36,4
DA:37,4
DA:39,4
DA:41,4
DA:42,1
DA:47,3
DA:48,1
DA:51,2
DA:57,2
DA:58,2
DA:63,0
DA:68,0
DA:77,2
DA:78,2
DA:79,2
DA:80,2
DA:82,2
DA:83,0
DA:88,2
DA:89,1
DA:91,1
DA:92,0
DA:95,1
DA:103,1
DA:104,1
DA:109,0
DA:114,0
LF:37
LH:30
BRDA:41,0,0,1
BRDA:41,0,1,3
BRDA:47,1,0,1
BRDA:47,1,1,2
BRDA:57,2,0,2
BRDA:57,2,1,0
BRDA:82,3,0,0
BRDA:82,3,1,2
BRDA:88,4,0,1
BRDA:88,4,1,1
BRDA:91,5,0,0
BRDA:91,5,1,1
BRDA:91,6,0,1
BRDA:91,6,1,1
BRDA:99,7,0,1
BRDA:99,7,1,0
BRDA:103,8,0,1
BRDA:103,8,1,0
BRF:18
BRH:13
end_of_record
TN:
SF:src/models/HealthcareReport.model.ts
FNF:0
FNH:0
DA:2,2
DA:5,2
DA:12,2
DA:19,2
DA:29,2
DA:39,2
DA:50,2
LF:7
LH:7
BRDA:50,0,0,2
BRDA:50,0,1,2
BRF:2
BRH:2
end_of_record
TN:
SF:src/models/appointment.model.ts
FNF:0
FNH:0
DA:1,2
DA:4,2
DA:52,2
LF:3
LH:3
BRF:0
BRH:0
end_of_record
TN:
SF:src/models/doctor.model.ts
FNF:0
FNH:0
DA:1,2
DA:4,2
DA:84,2
LF:3
LH:3
BRF:0
BRH:0
end_of_record
TN:
SF:src/models/patient.model.ts
FNF:0
FNH:0
DA:1,2
DA:4,2
DA:41,2
LF:3
LH:3
BRF:0
BRH:0
end_of_record
TN:
SF:src/models/record.model.ts
FNF:0
FNH:0
DA:1,1
DA:4,1
DA:23,1
LF:3
LH:3
BRF:0
BRH:0
end_of_record
TN:
SF:src/models/user.model.ts
FNF:0
FNH:0
DA:1,2
DA:4,2
DA:27,2
LF:3
LH:3
BRF:0
BRH:0
end_of_record
TN:
SF:src/services/HealthcareReport.service.ts
FN:9,(anonymous_1)
FN:14,(anonymous_2)
FN:18,(anonymous_3)
FN:22,(anonymous_4)
FN:26,(anonymous_5)
FNF:5
FNH:5
FNDA:1,(anonymous_1)
FNDA:1,(anonymous_2)
FNDA:2,(anonymous_3)
FNDA:1,(anonymous_4)
FNDA:1,(anonymous_5)
DA:2,2
DA:8,2
DA:10,1
DA:11,1
DA:15,1
DA:19,2
DA:23,1
DA:27,1
LF:8
LH:8
BRF:0
BRH:0
end_of_record
TN:
SF:src/services/record.service.ts
FN:38,(anonymous_1)
FN:46,(anonymous_2)
FN:54,(anonymous_3)
FN:71,(anonymous_4)
FN:82,(anonymous_5)
FNF:5
FNH:5
FNDA:1,(anonymous_1)
FNDA:1,(anonymous_2)
FNDA:1,(anonymous_3)
FNDA:1,(anonymous_4)
FNDA:1,(anonymous_5)
DA:1,2
DA:2,2
DA:39,1
DA:47,1
DA:48,1
DA:55,1
DA:56,1
DA:57,1
DA:59,1
DA:67,1
DA:72,1
DA:74,1
DA:75,1
DA:76,1
DA:78,1
DA:84,1
DA:85,1
DA:86,1
DA:90,2
LF:19
LH:19
BRDA:47,0,0,0
BRDA:47,0,1,1
BRDA:55,1,0,0
BRDA:55,1,1,1
BRDA:56,2,0,0
BRDA:56,2,1,1
BRDA:57,3,0,0
BRDA:57,3,1,1
BRDA:72,4,0,0
BRDA:72,4,1,1
BRDA:75,5,0,1
BRDA:75,5,1,0
BRDA:76,6,0,0
BRDA:76,6,1,1
BRDA:85,7,0,0
BRDA:85,7,1,1
BRF:16
BRH:8
end_of_record
TN:
SF:src/services/staff.service.ts
FN:9,(anonymous_1)
FN:88,(anonymous_2)
FN:140,(anonymous_3)
FNF:3
FNH:3
FNDA:3,(anonymous_1)
FNDA:3,(anonymous_2)
FNDA:1,(anonymous_3)
DA:1,2
DA:2,2
DA:3,2
DA:4,2
DA:8,2
DA:14,3
DA:16,3
DA:17,3
DA:18,1
DA:22,2
DA:23,2
DA:24,1
DA:28,1
DA:32,0
DA:38,1
DA:42,1
DA:43,0
DA:46,1
DA:50,1
DA:51,0
DA:57,1
DA:60,0
DA:66,1
DA:67,1
DA:72,1
DA:77,1
DA:85,1
DA:95,3
DA:96,3
DA:97,1
DA:100,2
DA:101,2
DA:102,1
DA:106,1
DA:107,1
DA:108,1
DA:109,0
DA:111,1
DA:114,1
DA:115,1
DA:118,1
DA:119,1
DA:124,1
DA:125,1
DA:132,1
DA:135,1
DA:137,1
DA:141,1
LF:48
LH:43
BRDA:17,0,0,1
BRDA:17,0,1,2
BRDA:23,1,0,1
BRDA:23,1,1,1
BRDA:28,2,0,0
BRDA:28,2,1,1
BRDA:29,3,0,1
BRDA:29,3,1,1
BRDA:42,4,0,0
BRDA:42,4,1,1
BRDA:50,5,0,0
BRDA:50,5,1,1
BRDA:57,6,0,0
BRDA:57,6,1,1
BRDA:57,7,0,1
BRDA:57,7,1,1
BRDA:67,8,0,1
BRDA:67,8,1,0
BRDA:96,9,0,1
BRDA:96,9,1,2
BRDA:101,10,0,1
BRDA:101,10,1,1
BRDA:106,11,0,1
BRDA:106,11,1,0
BRDA:108,12,0,0
BRDA:108,12,1,1
BRDA:114,13,0,1
BRDA:114,13,1,0
BRDA:118,14,0,1
BRDA:118,14,1,0
BRDA:127,15,0,1
BRDA:127,15,1,0
BRDA:128,16,0,1
BRDA:128,16,1,0
BRDA:129,17,0,1
BRDA:129,17,1,0
BRDA:130,18,0,1
BRDA:130,18,1,1
BRF:38
BRH:26
end_of_record
